  [1m[35m (21.7ms)[0m  [1m[35mCREATE DATABASE `myapp_development` DEFAULT CHARACTER SET `utf8mb4`[0m
  [1m[35m (9.0ms)[0m  [1m[35mCREATE DATABASE `myapp_test` DEFAULT CHARACTER SET `utf8mb4`[0m
Started GET "/" for 172.26.0.1 at 2022-07-17 05:11:15 +0000
Processing by Rails::WelcomeController#index as HTML
  Rendering /usr/local/bundle/gems/railties-6.1.6/lib/rails/templates/rails/welcome/index.html.erb
  Rendered /usr/local/bundle/gems/railties-6.1.6/lib/rails/templates/rails/welcome/index.html.erb (Duration: 10.8ms | Allocations: 531)
Completed 200 OK in 84ms (Views: 35.0ms | ActiveRecord: 0.0ms | Allocations: 4483)


Started GET "/favicon.ico" for 172.26.0.1 at 2022-07-17 05:11:15 +0000
  
ActionController::RoutingError (No route matches [GET] "/favicon.ico"):
  
Started GET "/" for 172.26.0.1 at 2022-07-17 05:11:38 +0000
Processing by Rails::WelcomeController#index as HTML
  Rendering /usr/local/bundle/gems/railties-6.1.6/lib/rails/templates/rails/welcome/index.html.erb
  Rendered /usr/local/bundle/gems/railties-6.1.6/lib/rails/templates/rails/welcome/index.html.erb (Duration: 5.6ms | Allocations: 212)
Completed 200 OK in 11ms (Views: 9.9ms | ActiveRecord: 0.0ms | Allocations: 1015)


Started G  [1m[35m (97.9ms)[0m  [1m[35mCREATE TABLE `schema_migrations` (`version` varchar(255) NOT NULL PRIMARY KEY)[0m
  [1m[35m (54.3ms)[0m  [1m[35mCREATE TABLE `ar_internal_metadata` (`key` varchar(255) NOT NULL PRIMARY KEY, `value` varchar(255), `created_at` datetime(6) NOT NULL, `updated_at` datetime(6) NOT NULL)[0m
  [1m[35m (1.4ms)[0m  [1m[34mSELECT GET_LOCK('7864839756650184315', 0)[0m
  [1m[35m (21.2ms)[0m  [1m[34mSELECT `schema_migrations`.`version` FROM `schema_migrations` ORDER BY `schema_migrations`.`version` ASC[0m
Migrating to CreateRestaurants (20220717051617)
  [1m[35m (38.1ms)[0m  [1m[35mCREATE TABLE `restaurants` (`id` bigint NOT NULL AUTO_INCREMENT PRIMARY KEY, `name` varchar(255) NOT NULL, `fee` int DEFAULT 0 NOT NULL, `time_required` int NOT NULL, `created_at` datetime(6) NOT NULL, `updated_at` datetime(6) NOT NULL)[0m
  [1m[36mTRANSACTION (0.6ms)[0m  [1m[35mBEGIN[0m
  [1m[36mActiveRecord::SchemaMigration Create (9.0ms)[0m  [1m[32mINSERT INTO `schema_migrations` (`version`) VALUES ('20220717051617')[0m
  [1m[36mTRANSACTION (2.5ms)[0m  [1m[35mCOMMIT[0m
Migrating to CreateFoods (20220717051725)
  [1m[35m (69.3ms)[0m  [1m[35mCREATE TABLE `foods` (`id` bigint NOT NULL AUTO_INCREMENT PRIMARY KEY, `restaurant_id` bigint NOT NULL, `name` varchar(255) NOT NULL, `price` int NOT NULL, `description` text NOT NULL, `created_at` datetime(6) NOT NULL, `updated_at` datetime(6) NOT NULL, INDEX `index_foods_on_restaurant_id` (`restaurant_id`), CONSTRAINT `fk_rails_eae1e5c8ad`
FOREIGN KEY (`restaurant_id`)
  REFERENCES `restaurants` (`id`)
)[0m
  [1m[36mTRANSACTION (0.8ms)[0m  [1m[35mBEGIN[0m
  [1m[36mActiveRecord::SchemaMigration Create (1.3ms)[0m  [1m[32mINSERT INTO `schema_migrations` (`version`) VALUES ('20220717051725')[0m
  [1m[36mTRANSACTION (3.0ms)[0m  [1m[35mCOMMIT[0m
Migrating to CreateLineFoods (20220717051740)
  [1m[35m (8.5ms)[0m  [1m[35mCREATE TABLE `line_foods` (`id` bigint NOT NULL AUTO_INCREMENT PRIMARY KEY, `food_id` bigint NOT NULL, `restaurant_id` bigint NOT NULL, `order_id` bigint, `count` int DEFAULT 0 NOT NULL, `active` tinyint(1) DEFAULT FALSE NOT NULL, `created_at` datetime(6) NOT NULL, `updated_at` datetime(6) NOT NULL, INDEX `index_line_foods_on_food_id` (`food_id`), INDEX `index_line_foods_on_restaurant_id` (`restaurant_id`), INDEX `index_line_foods_on_order_id` (`order_id`), CONSTRAINT `fk_rails_51ed53b961`
FOREIGN KEY (`food_id`)
  REFERENCES `foods` (`id`)
, CONSTRAINT `fk_rails_1e43acf94b`
FOREIGN KEY (`restaurant_id`)
  REFERENCES `restaurants` (`id`)
, CONSTRAINT `fk_rails_1facd9ad30`
FOREIGN KEY (`order_id`)
  REFERENCES `orders` (`id`)
)[0m
  [1m[35m (1.0ms)[0m  [1m[34mSELECT RELEASE_LOCK('7864839756650184315')[0m
  [1m[35m (1.1ms)[0m  [1m[34mSELECT `schema_migrations`.`version` FROM `schema_migrations` ORDER BY `schema_migrations`.`version` ASC[0m
  [1m[35m (1.0ms)[0m  [1m[34mSELECT `schema_migrations`.`version` FROM `schema_migrations` ORDER BY `schema_migrations`.`version` ASC[0m
  [1m[35m (0.9ms)[0m  [1m[34mSELECT `schema_migrations`.`version` FROM `schema_migrations` ORDER BY `schema_migrations`.`version` ASC[0m
  [1m[35m (0.3ms)[0m  [1m[34mSELECT GET_LOCK('7864839756650184315', 0)[0m
  [1m[35m (0.7ms)[0m  [1m[34mSELECT `schema_migrations`.`version` FROM `schema_migrations` ORDER BY `schema_migrations`.`version` ASC[0m
Migrating to CreateLineFoods (20220717051740)
  [1m[35m (5.3ms)[0m  [1m[35mCREATE TABLE `line_foods` (`id` bigint NOT NULL AUTO_INCREMENT PRIMARY KEY, `food_id` bigint NOT NULL, `restaurant_id` bigint NOT NULL, `order_id` bigint, `count` int DEFAULT 0 NOT NULL, `active` tinyint(1) DEFAULT FALSE NOT NULL, `created_at` datetime(6) NOT NULL, `updated_at` datetime(6) NOT NULL, INDEX `index_line_foods_on_food_id` (`food_id`), INDEX `index_line_foods_on_restaurant_id` (`restaurant_id`), INDEX `index_line_foods_on_order_id` (`order_id`), CONSTRAINT `fk_rails_51ed53b961`
FOREIGN KEY (`food_id`)
  REFERENCES `foods` (`id`)
, CONSTRAINT `fk_rails_1e43acf94b`
FOREIGN KEY (`restaurant_id`)
  REFERENCES `restaurants` (`id`)
, CONSTRAINT `fk_rails_1facd9ad30`
FOREIGN KEY (`order_id`)
  REFERENCES `orders` (`id`)
)[0m
  [1m[35m (0.5ms)[0m  [1m[34mSELECT RELEASE_LOCK('7864839756650184315')[0m
  [1m[35m (0.3ms)[0m  [1m[34mSELECT GET_LOCK('7864839756650184315', 0)[0m
  [1m[35m (0.9ms)[0m  [1m[34mSELECT `schema_migrations`.`version` FROM `schema_migrations` ORDER BY `schema_migrations`.`version` ASC[0m
Migrating to CreateOrders (20220717051753)
  [1m[35m (27.7ms)[0m  [1m[35mCREATE TABLE `orders` (`id` bigint NOT NULL AUTO_INCREMENT PRIMARY KEY, `total_price` int DEFAULT 0 NOT NULL, `created_at` datetime(6) NOT NULL, `updated_at` datetime(6) NOT NULL)[0m
  [1m[36mTRANSACTION (0.3ms)[0m  [1m[35mBEGIN[0m
  [1m[36mActiveRecord::SchemaMigration Create (1.0ms)[0m  [1m[32mINSERT INTO `schema_migrations` (`version`) VALUES ('20220717051753')[0m
  [1m[36mTRANSACTION (2.9ms)[0m  [1m[35mCOMMIT[0m
  [1m[36mActiveRecord::InternalMetadata Load (4.8ms)[0m  [1m[34mSELECT `ar_internal_metadata`.* FROM `ar_internal_metadata` WHERE `ar_internal_metadata`.`key` = 'environment' LIMIT 1[0m
  [1m[36mTRANSACTION (0.4ms)[0m  [1m[35mBEGIN[0m
  [1m[36mActiveRecord::InternalMetadata Create (1.5ms)[0m  [1m[32mINSERT INTO `ar_internal_metadata` (`key`, `value`, `created_at`, `updated_at`) VALUES ('environment', 'development', '2022-07-20 04:45:33.212399', '2022-07-20 04:45:33.212399')[0m
  [1m[36mTRANSACTION (2.2ms)[0m  [1m[35mCOMMIT[0m
  [1m[35m (0.4ms)[0m  [1m[34mSELECT RELEASE_LOCK('7864839756650184315')[0m
  [1m[35m (0.8ms)[0m  [1m[34mSELECT `schema_migrations`.`version` FROM `schema_migrations` ORDER BY `schema_migrations`.`version` ASC[0m
  [1m[35m (0.3ms)[0m  [1m[34mSELECT GET_LOCK('7864839756650184315', 0)[0m
  [1m[35m (0.9ms)[0m  [1m[34mSELECT `schema_migrations`.`version` FROM `schema_migrations` ORDER BY `schema_migrations`.`version` ASC[0m
Migrating to CreateLineFoods (20220717051740)
  [1m[35m (56.2ms)[0m  [1m[35mCREATE TABLE `line_foods` (`id` bigint NOT NULL AUTO_INCREMENT PRIMARY KEY, `food_id` bigint NOT NULL, `restaurant_id` bigint NOT NULL, `order_id` bigint, `count` int DEFAULT 0 NOT NULL, `active` tinyint(1) DEFAULT FALSE NOT NULL, `created_at` datetime(6) NOT NULL, `updated_at` datetime(6) NOT NULL, INDEX `index_line_foods_on_food_id` (`food_id`), INDEX `index_line_foods_on_restaurant_id` (`restaurant_id`), INDEX `index_line_foods_on_order_id` (`order_id`), CONSTRAINT `fk_rails_51ed53b961`
FOREIGN KEY (`food_id`)
  REFERENCES `foods` (`id`)
, CONSTRAINT `fk_rails_1e43acf94b`
FOREIGN KEY (`restaurant_id`)
  REFERENCES `restaurants` (`id`)
, CONSTRAINT `fk_rails_1facd9ad30`
FOREIGN KEY (`order_id`)
  REFERENCES `orders` (`id`)
)[0m
  [1m[36mTRANSACTION (0.3ms)[0m  [1m[35mBEGIN[0m
  [1m[36mActiveRecord::SchemaMigration Create (1.0ms)[0m  [1m[32mINSERT INTO `schema_migrations` (`version`) VALUES ('20220717051740')[0m
  [1m[36mTRANSACTION (3.3ms)[0m  [1m[35mCOMMIT[0m
  [1m[36mActiveRecord::InternalMetadata Load (2.3ms)[0m  [1m[34mSELECT `ar_internal_metadata`.* FROM `ar_internal_metadata` WHERE `ar_internal_metadata`.`key` = 'environment' LIMIT 1[0m
  [1m[35m (0.4ms)[0m  [1m[34mSELECT RELEASE_LOCK('7864839756650184315')[0m
  [1m[35m (0.8ms)[0m  [1m[34mSELECT `schema_migrations`.`version` FROM `schema_migrations` ORDER BY `schema_migrations`.`version` ASC[0m
  [1m[35m (1.0ms)[0m  [1m[34mSELECT `schema_migrations`.`version` FROM `schema_migrations` ORDER BY `schema_migrations`.`version` ASC[0m
  [1m[36mTRANSACTION (0.5ms)[0m  [1m[35mBEGIN[0m
  [1m[36mRestaurant Create (3.1ms)[0m  [1m[32mINSERT INTO `restaurants` (`name`, `fee`, `time_required`, `created_at`, `updated_at`) VALUES ('testãƒ¬ã‚¹ãƒˆãƒ©ãƒ³_0', 100, 10, '2022-07-20 04:46:15.506388', '2022-07-20 04:46:15.506388')[0m
  [1m[36mFood Create (3.1ms)[0m  [1m[32mINSERT INTO `foods` (`restaurant_id`, `name`, `price`, `description`, `created_at`, `updated_at`) VALUES (1, 'ãƒ•ãƒ¼ãƒ‰å_0', 500, 'ãƒ•ãƒ¼ãƒ‰_0ã®èª¬æ˜æ–‡ã§ã™', '2022-07-20 04:46:15.513484', '2022-07-20 04:46:15.513484')[0m
  [1m[36mFood Create (1.0ms)[0m  [1m[32mINSERT INTO `foods` (`restaurant_id`, `name`, `price`, `description`, `created_at`, `updated_at`) VALUES (1, 'ãƒ•ãƒ¼ãƒ‰å_1', 500, 'ãƒ•ãƒ¼ãƒ‰_1ã®èª¬æ˜æ–‡ã§ã™', '2022-07-20 04:46:15.518314', '2022-07-20 04:46:15.518314')[0m
  [1m[36mFood Create (1.2ms)[0m  [1m[32mINSERT INTO `foods` (`restaurant_id`, `name`, `price`, `description`, `created_at`, `updated_at`) VALUES (1, 'ãƒ•ãƒ¼ãƒ‰å_2', 500, 'ãƒ•ãƒ¼ãƒ‰_2ã®èª¬æ˜æ–‡ã§ã™', '2022-07-20 04:46:15.521033', '2022-07-20 04:46:15.521033')[0m
  [1m[36mFood Create (0.8ms)[0m  [1m[32mINSERT INTO `foods` (`restaurant_id`, `name`, `price`, `description`, `created_at`, `updated_at`) VALUES (1, 'ãƒ•ãƒ¼ãƒ‰å_3', 500, 'ãƒ•ãƒ¼ãƒ‰_3ã®èª¬æ˜æ–‡ã§ã™', '2022-07-20 04:46:15.523830', '2022-07-20 04:46:15.523830')[0m
  [1m[36mFood Create (0.7ms)[0m  [1m[32mINSERT INTO `foods` (`restaurant_id`, `name`, `price`, `description`, `created_at`, `updated_at`) VALUES (1, 'ãƒ•ãƒ¼ãƒ‰å_4', 500, 'ãƒ•ãƒ¼ãƒ‰_4ã®èª¬æ˜æ–‡ã§ã™', '2022-07-20 04:46:15.526331', '2022-07-20 04:46:15.526331')[0m
  [1m[36mFood Create (0.9ms)[0m  [1m[32mINSERT INTO `foods` (`restaurant_id`, `name`, `price`, `description`, `created_at`, `updated_at`) VALUES (1, 'ãƒ•ãƒ¼ãƒ‰å_5', 500, 'ãƒ•ãƒ¼ãƒ‰_5ã®èª¬æ˜æ–‡ã§ã™', '2022-07-20 04:46:15.528510', '2022-07-20 04:46:15.528510')[0m
  [1m[36mFood Create (0.8ms)[0m  [1m[32mINSERT INTO `foods` (`restaurant_id`, `name`, `price`, `description`, `created_at`, `updated_at`) VALUES (1, 'ãƒ•ãƒ¼ãƒ‰å_6', 500, 'ãƒ•ãƒ¼ãƒ‰_6ã®èª¬æ˜æ–‡ã§ã™', '2022-07-20 04:46:15.531165', '2022-07-20 04:46:15.531165')[0m
  [1m[36mFood Create (0.7ms)[0m  [1m[32mINSERT INTO `foods` (`restaurant_id`, `name`, `price`, `description`, `created_at`, `updated_at`) VALUES (1, 'ãƒ•ãƒ¼ãƒ‰å_7', 500, 'ãƒ•ãƒ¼ãƒ‰_7ã®èª¬æ˜æ–‡ã§ã™', '2022-07-20 04:46:15.533382', '2022-07-20 04:46:15.533382')[0m
  [1m[36mFood Create (0.7ms)[0m  [1m[32mINSERT INTO `foods` (`restaurant_id`, `name`, `price`, `description`, `created_at`, `updated_at`) VALUES (1, 'ãƒ•ãƒ¼ãƒ‰å_8', 500, 'ãƒ•ãƒ¼ãƒ‰_8ã®èª¬æ˜æ–‡ã§ã™', '2022-07-20 04:46:15.535797', '2022-07-20 04:46:15.535797')[0m
  [1m[36mFood Create (0.7ms)[0m  [1m[32mINSERT INTO `foods` (`restaurant_id`, `name`, `price`, `description`, `created_at`, `updated_at`) VALUES (1, 'ãƒ•ãƒ¼ãƒ‰å_9', 500, 'ãƒ•ãƒ¼ãƒ‰_9ã®èª¬æ˜æ–‡ã§ã™', '2022-07-20 04:46:15.537979', '2022-07-20 04:46:15.537979')[0m
  [1m[36mFood Create (0.7ms)[0m  [1m[32mINSERT INTO `foods` (`restaurant_id`, `name`, `price`, `description`, `created_at`, `updated_at`) VALUES (1, 'ãƒ•ãƒ¼ãƒ‰å_10', 500, 'ãƒ•ãƒ¼ãƒ‰_10ã®èª¬æ˜æ–‡ã§ã™', '2022-07-20 04:46:15.540072', '2022-07-20 04:46:15.540072')[0m
  [1m[36mFood Create (0.7ms)[0m  [1m[32mINSERT INTO `foods` (`restaurant_id`, `name`, `price`, `description`, `created_at`, `updated_at`) VALUES (1, 'ãƒ•ãƒ¼ãƒ‰å_11', 500, 'ãƒ•ãƒ¼ãƒ‰_11ã®èª¬æ˜æ–‡ã§ã™', '2022-07-20 04:46:15.542222', '2022-07-20 04:46:15.542222')[0m
  [1m[36mTRANSACTION (3.0ms)[0m  [1m[35mCOMMIT[0m
  [1m[36mTRANSACTION (0.2ms)[0m  [1m[35mBEGIN[0m
  [1m[36mRestaurant Create (1.0ms)[0m  [1m[32mINSERT INTO `restaurants` (`name`, `fee`, `time_required`, `created_at`, `updated_at`) VALUES ('testãƒ¬ã‚¹ãƒˆãƒ©ãƒ³_1', 100, 10, '2022-07-20 04:46:15.550650', '2022-07-20 04:46:15.550650')[0m
  [1m[36mFood Create (0.8ms)[0m  [1m[32mINSERT INTO `foods` (`restaurant_id`, `name`, `price`, `description`, `created_at`, `updated_at`) VALUES (2, 'ãƒ•ãƒ¼ãƒ‰å_0', 500, 'ãƒ•ãƒ¼ãƒ‰_0ã®èª¬æ˜æ–‡ã§ã™', '2022-07-20 04:46:15.554596', '2022-07-20 04:46:15.554596')[0m
  [1m[36mFood Create (0.8ms)[0m  [1m[32mINSERT INTO `foods` (`restaurant_id`, `name`, `price`, `description`, `created_at`, `updated_at`) VALUES (2, 'ãƒ•ãƒ¼ãƒ‰å_1', 500, 'ãƒ•ãƒ¼ãƒ‰_1ã®èª¬æ˜æ–‡ã§ã™', '2022-07-20 04:46:15.557002', '2022-07-20 04:46:15.557002')[0m
  [1m[36mFood Create (0.7ms)[0m  [1m[32mINSERT INTO `foods` (`restaurant_id`, `name`, `price`, `description`, `created_at`, `updated_at`) VALUES (2, 'ãƒ•ãƒ¼ãƒ‰å_2', 500, 'ãƒ•ãƒ¼ãƒ‰_2ã®èª¬æ˜æ–‡ã§ã™', '2022-07-20 04:46:15.559494', '2022-07-20 04:46:15.559494')[0m
  [1m[36mFood Create (0.8ms)[0m  [1m[32mINSERT INTO `foods` (`restaurant_id`, `name`, `price`, `description`, `created_at`, `updated_at`) VALUES (2, 'ãƒ•ãƒ¼ãƒ‰å_3', 500, 'ãƒ•ãƒ¼ãƒ‰_3ã®èª¬æ˜æ–‡ã§ã™', '2022-07-20 04:46:15.561744', '2022-07-20 04:46:15.561744')[0m
  [1m[36mFood Create (0.7ms)[0m  [1m[32mINSERT INTO `foods` (`restaurant_id`, `name`, `price`, `description`, `created_at`, `updated_at`) VALUES (2, 'ãƒ•ãƒ¼ãƒ‰å_4', 500, 'ãƒ•ãƒ¼ãƒ‰_4ã®èª¬æ˜æ–‡ã§ã™', '2022-07-20 04:46:15.563994', '2022-07-20 04:46:15.563994')[0m
  [1m[36mFood Create (0.7ms)[0m  [1m[32mINSERT INTO `foods` (`restaurant_id`, `name`, `price`, `description`, `created_at`, `updated_at`) VALUES (2, 'ãƒ•ãƒ¼ãƒ‰å_5', 500, 'ãƒ•ãƒ¼ãƒ‰_5ã®èª¬æ˜æ–‡ã§ã™', '2022-07-20 04:46:15.566230', '2022-07-20 04:46:15.566230')[0m
  [1m[36mFood Create (1.2ms)[0m  [1m[32mINSERT INTO `foods` (`restaurant_id`, `name`, `price`, `description`, `created_at`, `updated_at`) VALUES (2, 'ãƒ•ãƒ¼ãƒ‰å_6', 500, 'ãƒ•ãƒ¼ãƒ‰_6ã®èª¬æ˜æ–‡ã§ã™', '2022-07-20 04:46:15.573762', '2022-07-20 04:46:15.573762')[0m
  [1m[36mFood Create (1.2ms)[0m  [1m[32mINSERT INTO `foods` (`restaurant_id`, `name`, `price`, `description`, `created_at`, `updated_at`) VALUES (2, 'ãƒ•ãƒ¼ãƒ‰å_7', 500, 'ãƒ•ãƒ¼ãƒ‰_7ã®èª¬æ˜æ–‡ã§ã™', '2022-07-20 04:46:15.586895', '2022-07-20 04:46:15.586895')[0m
  [1m[36mFood Create (1.2ms)[0m  [1m[32mINSERT INTO `foods` (`restaurant_id`, `name`, `price`, `description`, `created_at`, `updated_at`) VALUES (2, 'ãƒ•ãƒ¼ãƒ‰å_8', 500, 'ãƒ•ãƒ¼ãƒ‰_8ã®èª¬æ˜æ–‡ã§ã™', '2022-07-20 04:46:15.603163', '2022-07-20 04:46:15.603163')[0m
  [1m[36mFood Create (0.8ms)[0m  [1m[32mINSERT INTO `foods` (`restaurant_id`, `name`, `price`, `description`, `created_at`, `updated_at`) VALUES (2, 'ãƒ•ãƒ¼ãƒ‰å_9', 500, 'ãƒ•ãƒ¼ãƒ‰_9ã®èª¬æ˜æ–‡ã§ã™', '2022-07-20 04:46:15.606171', '2022-07-20 04:46:15.606171')[0m
  [1m[36mFood Create (0.9ms)[0m  [1m[32mINSERT INTO `foods` (`restaurant_id`, `name`, `price`, `description`, `created_at`, `updated_at`) VALUES (2, 'ãƒ•ãƒ¼ãƒ‰å_10', 500, 'ãƒ•ãƒ¼ãƒ‰_10ã®èª¬æ˜æ–‡ã§ã™', '2022-07-20 04:46:15.608913', '2022-07-20 04:46:15.608913')[0m
  [1m[36mFood Create (0.8ms)[0m  [1m[32mINSERT INTO `foods` (`restaurant_id`, `name`, `price`, `description`, `created_at`, `updated_at`) VALUES (2, 'ãƒ•ãƒ¼ãƒ‰å_11', 500, 'ãƒ•ãƒ¼ãƒ‰_11ã®èª¬æ˜æ–‡ã§ã™', '2022-07-20 04:46:15.611106', '2022-07-20 04:46:15.611106')[0m
  [1m[36mTRANSACTION (2.1ms)[0m  [1m[35mCOMMIT[0m
  [1m[36mTRANSACTION (0.3ms)[0m  [1m[35mBEGIN[0m
  [1m[36mRestaurant Create (0.9ms)[0m  [1m[32mINSERT INTO `restaurants` (`name`, `fee`, `time_required`, `created_at`, `updated_at`) VALUES ('testãƒ¬ã‚¹ãƒˆãƒ©ãƒ³_2', 100, 10, '2022-07-20 04:46:15.618880', '2022-07-20 04:46:15.618880')[0m
  [1m[36mFood Create (0.9ms)[0m  [1m[32mINSERT INTO `foods` (`restaurant_id`, `name`, `price`, `description`, `created_at`, `updated_at`) VALUES (3, 'ãƒ•ãƒ¼ãƒ‰å_0', 500, 'ãƒ•ãƒ¼ãƒ‰_0ã®èª¬æ˜æ–‡ã§ã™', '2022-07-20 04:46:15.623710', '2022-07-20 04:46:15.623710')[0m
  [1m[36mFood Create (0.7ms)[0m  [1m[32mINSERT INTO `foods` (`restaurant_id`, `name`, `price`, `description`, `created_at`, `updated_at`) VALUES (3, 'ãƒ•ãƒ¼ãƒ‰å_1', 500, 'ãƒ•ãƒ¼ãƒ‰_1ã®èª¬æ˜æ–‡ã§ã™', '2022-07-20 04:46:15.626382', '2022-07-20 04:46:15.626382')[0m
  [1m[36mFood Create (1.0ms)[0m  [1m[32mINSERT INTO `foods` (`restaurant_id`, `name`, `price`, `description`, `created_at`, `updated_at`) VALUES (3, 'ãƒ•ãƒ¼ãƒ‰å_2', 500, 'ãƒ•ãƒ¼ãƒ‰_2ã®èª¬æ˜æ–‡ã§ã™', '2022-07-20 04:46:15.628643', '2022-07-20 04:46:15.628643')[0m
  [1m[36mFood Create (0.7ms)[0m  [1m[32mINSERT INTO `foods` (`restaurant_id`, `name`, `price`, `description`, `created_at`, `updated_at`) VALUES (3, 'ãƒ•ãƒ¼ãƒ‰å_3', 500, 'ãƒ•ãƒ¼ãƒ‰_3ã®èª¬æ˜æ–‡ã§ã™', '2022-07-20 04:46:15.631237', '2022-07-20 04:46:15.631237')[0m
  [1m[36mFood Create (0.7ms)[0m  [1m[32mINSERT INTO `foods` (`restaurant_id`, `name`, `price`, `description`, `created_at`, `updated_at`) VALUES (3, 'ãƒ•ãƒ¼ãƒ‰å_4', 500, 'ãƒ•ãƒ¼ãƒ‰_4ã®èª¬æ˜æ–‡ã§ã™', '2022-07-20 04:46:15.633836', '2022-07-20 04:46:15.633836')[0m
  [1m[36mFood Create (0.7ms)[0m  [1m[32mINSERT INTO `foods` (`restaurant_id`, `name`, `price`, `description`, `created_at`, `updated_at`) VALUES (3, 'ãƒ•ãƒ¼ãƒ‰å_5', 500, 'ãƒ•ãƒ¼ãƒ‰_5ã®èª¬æ˜æ–‡ã§ã™', '2022-07-20 04:46:15.636121', '2022-07-20 04:46:15.636121')[0m
  [1m[36mFood Create (0.7ms)[0m  [1m[32mINSERT INTO `foods` (`restaurant_id`, `name`, `price`, `description`, `created_at`, `updated_at`) VALUES (3, 'ãƒ•ãƒ¼ãƒ‰å_6', 500, 'ãƒ•ãƒ¼ãƒ‰_6ã®èª¬æ˜æ–‡ã§ã™', '2022-07-20 04:46:15.638581', '2022-07-20 04:46:15.638581')[0m
  [1m[36mFood Create (0.8ms)[0m  [1m[32mINSERT INTO `foods` (`restaurant_id`, `name`, `price`, `description`, `created_at`, `updated_at`) VALUES (3, 'ãƒ•ãƒ¼ãƒ‰å_7', 500, 'ãƒ•ãƒ¼ãƒ‰_7ã®èª¬æ˜æ–‡ã§ã™', '2022-07-20 04:46:15.640860', '2022-07-20 04:46:15.640860')[0m
  [1m[36mFood Create (0.7ms)[0m  [1m[32mINSERT INTO `foods` (`restaurant_id`, `name`, `price`, `description`, `created_at`, `updated_at`) VALUES (3, 'ãƒ•ãƒ¼ãƒ‰å_8', 500, 'ãƒ•ãƒ¼ãƒ‰_8ã®èª¬æ˜æ–‡ã§ã™', '2022-07-20 04:46:15.643175', '2022-07-20 04:46:15.643175')[0m
  [1m[36mFood Create (0.7ms)[0m  [1m[32mINSERT INTO `foods` (`restaurant_id`, `name`, `price`, `description`, `created_at`, `updated_at`) VALUES (3, 'ãƒ•ãƒ¼ãƒ‰å_9', 500, 'ãƒ•ãƒ¼ãƒ‰_9ã®èª¬æ˜æ–‡ã§ã™', '2022-07-20 04:46:15.646297', '2022-07-20 04:46:15.646297')[0m
  [1m[36mFood Create (0.9ms)[0m  [1m[32mINSERT INTO `foods` (`restaurant_id`, `name`, `price`, `description`, `created_at`, `updated_at`) VALUES (3, 'ãƒ•ãƒ¼ãƒ‰å_10', 500, 'ãƒ•ãƒ¼ãƒ‰_10ã®èª¬æ˜æ–‡ã§ã™', '2022-07-20 04:46:15.648807', '2022-07-20 04:46:15.648807')[0m
  [1m[36mFood Create (0.7ms)[0m  [1m[32mINSERT INTO `foods` (`restaurant_id`, `name`, `price`, `description`, `created_at`, `updated_at`) VALUES (3, 'ãƒ•ãƒ¼ãƒ‰å_11', 500, 'ãƒ•ãƒ¼ãƒ‰_11ã®èª¬æ˜æ–‡ã§ã™', '2022-07-20 04:46:15.651087', '2022-07-20 04:46:15.651087')[0m
  [1m[36mTRANSACTION (2.1ms)[0m  [1m[35mCOMMIT[0m
  [1m[36mRestaurant Load (1.6ms)[0m  [1m[34mSELECT `restaurants`.* FROM `restaurants`[0m
  [1m[36mFood Load (4.5ms)[0m  [1m[34mSELECT `foods`.* FROM `foods`[0m
  [1m[35m (31.3ms)[0m  [1m[34mSELECT COUNT(*) FROM `foods`[0m
  [1m[35m (8.4ms)[0m  [1m[34mSELECT COUNT(*) FROM `restaurants`[0m

  [1m[36mFood Create (0.8ms)[0m  [1m[32mINSERT INTO `foods` (`restaurant_id`, `name`, `price`, `description`, `created_at`, `updated_at`) VALUES (2, 'ãƒ•ãƒ¼ãƒ‰å_1', 500, 'ãƒ•ãƒ¼ãƒ‰_1ã®èª¬æ˜æ–‡ã§ã™', '2022-07-19 04:20:23.942441', '2022-07-19 04:20:23.942441')[0m
  [1m[36mFood Create (0.8ms)[0m  [1m[32mINSERT INTO `foods` (`restaurant_id`, `name`, `price`, `description`, `created_at`, `updated_at`) VALUES (2, 'ãƒ•ãƒ¼ãƒ‰å_2', 500, 'ãƒ•ãƒ¼ãƒ‰_2ã®èª¬æ˜æ–‡ã§ã™', '2022-07-19 04:20:23.945322', '2022-07-19 04:20:23.945322')[0m
  [1m[36mFood Create (0.8ms)[0m  [1m[32mINSERT INTO `foods` (`restaurant_id`, `name`, `price`, `description`, `created_at`, `updated_at`) VALUES (2, 'ãƒ•ãƒ¼ãƒ‰å_3', 500, 'ãƒ•ãƒ¼ãƒ‰_3ã®èª¬æ˜æ–‡ã§ã™', '2022-07-19 04:20:23.948312', '2022-07-19 04:20:23.948312')[0m
  [1m[36mFood Create (0.7ms)[0m  [1m[32mINSERT INTO `foods` (`restaurant_id`, `name`, `price`, `description`, `created_at`, `updated_at`) VALUES (2, 'ãƒ•ãƒ¼ãƒ‰å_4', 500, 'ãƒ•ãƒ¼ãƒ‰_4ã®èª¬æ˜æ–‡ã§ã™', '2022-07-19 04:20:23.950842', '2022-07-19 04:20:23.950842')[0m
  [1m[36mFood Create (0.9ms)[0m  [1m[32mINSERT INTO `foods` (`restaurant_id`, `name`, `price`, `description`, `created_at`, `updated_at`) VALUES (2, 'ãƒ•ãƒ¼ãƒ‰å_5', 500, 'ãƒ•ãƒ¼ãƒ‰_5ã®èª¬æ˜æ–‡ã§ã™', '2022-07-19 04:20:23.952935', '2022-07-19 04:20:23.952935')[0m
  [1m[36mFood Create (0.7ms)[0m  [1m[32mINSERT INTO `foods` (`restaurant_id`, `name`, `price`, `description`, `created_at`, `updated_at`) VALUES (2, 'ãƒ•ãƒ¼ãƒ‰å_6', 500, 'ãƒ•ãƒ¼ãƒ‰_6ã®èª¬æ˜æ–‡ã§ã™', '2022-07-19 04:20:23.955251', '2022-07-19 04:20:23.955251')[0m
  [1m[36mFood Create (0.8ms)[0m  [1m[32mINSERT INTO `foods` (`restaurant_id`, `name`, `price`, `description`, `created_at`, `updated_at`) VALUES (2, 'ãƒ•ãƒ¼ãƒ‰å_7', 500, 'ãƒ•ãƒ¼ãƒ‰_7ã®èª¬æ˜æ–‡ã§ã™', '2022-07-19 04:20:23.957709', '2022-07-19 04:20:23.957709')[0m
  [1m[36mFood Create (0.7ms)[0m  [1m[32mINSERT INTO `foods` (`restaurant_id`, `name`, `price`, `description`, `created_at`, `updated_at`) VALUES (2, 'ãƒ•ãƒ¼ãƒ‰å_8', 500, 'ãƒ•ãƒ¼ãƒ‰_8ã®èª¬æ˜æ–‡ã§ã™', '2022-07-19 04:20:23.960057', '2022-07-19 04:20:23.960057')[0m
  [1m[36mFood Create (0.6ms)[0m  [1m[32mINSERT INTO `foods` (`restaurant_id`, `name`, `price`, `description`, `created_at`, `updated_at`) VALUES (2, 'ãƒ•ãƒ¼ãƒ‰å_9', 500, 'ãƒ•ãƒ¼ãƒ‰_9ã®èª¬æ˜æ–‡ã§ã™', '2022-07-19 04:20:23.962296', '2022-07-19 04:20:23.962296')[0m
  [1m[36mFood Create (1.0ms)[0m  [1m[32mINSERT INTO `foods` (`restaurant_id`, `name`, `price`, `description`, `created_at`, `updated_at`) VALUES (2, 'ãƒ•ãƒ¼ãƒ‰å_10', 500, 'ãƒ•ãƒ¼ãƒ‰_10ã®èª¬æ˜æ–‡ã§ã™', '2022-07-19 04:20:23.970094', '2022-07-19 04:20:23.970094')[0m
  [1m[36mFood Create (1.1ms)[0m  [1m[32mINSERT INTO `foods` (`restaurant_id`, `name`, `price`, `description`, `created_at`, `updated_at`) VALUES (2, 'ãƒ•ãƒ¼ãƒ‰å_11', 500, 'ãƒ•ãƒ¼ãƒ‰_11ã®èª¬æ˜æ–‡ã§ã™', '2022-07-19 04:20:23.986088', '2022-07-19 04:20:23.986088')[0m
  [1m[36mTRANSACTION (4.1ms)[0m  [1m[35mCOMMIT[0m
  [1m[36mTRANSACTION (0.3ms)[0m  [1m[35mBEGIN[0m
  [1m[36mRestaurant Create (0.9ms)[0m  [1m[32mINSERT INTO `restaurants` (`name`, `fee`, `time_required`, `created_at`, `updated_at`) VALUES ('testãƒ¬ã‚¹ãƒˆãƒ©ãƒ³_2', 100, 10, '2022-07-19 04:20:24.006303', '2022-07-19 04:20:24.006303')[0m
  [1m[36mFood Create (0.8ms)[0m  [1m[32mINSERT INTO `foods` (`restaurant_id`, `name`, `price`, `description`, `created_at`, `updated_at`) VALUES (3, 'ãƒ•ãƒ¼ãƒ‰å_0', 500, 'ãƒ•ãƒ¼ãƒ‰_0ã®èª¬æ˜æ–‡ã§ã™', '2022-07-19 04:20:24.010273', '2022-07-19 04:20:24.010273')[0m
  [1m[36mFood Create (0.8ms)[0m  [1m[32mINSERT INTO `foods` (`restaurant_id`, `name`, `price`, `description`, `created_at`, `updated_at`) VALUES (3, 'ãƒ•ãƒ¼ãƒ‰å_1', 500, 'ãƒ•ãƒ¼ãƒ‰_1ã®èª¬æ˜æ–‡ã§ã™', '2022-07-19 04:20:24.012741', '2022-07-19 04:20:24.012741')[0m
  [1m[36mFood Create (0.8ms)[0m  [1m[32mINSERT INTO `foods` (`restaurant_id`, `name`, `price`, `description`, `created_at`, `updated_at`) VALUES (3, 'ãƒ•ãƒ¼ãƒ‰å_2', 500, 'ãƒ•ãƒ¼ãƒ‰_2ã®èª¬æ˜æ–‡ã§ã™', '2022-07-19 04:20:24.014874', '2022-07-19 04:20:24.014874')[0m
  [1m[36mFood Create (0.8ms)[0m  [1m[32mINSERT INTO `foods` (`restaurant_id`, `name`, `price`, `description`, `created_at`, `updated_at`) VALUES (3, 'ãƒ•ãƒ¼ãƒ‰å_3', 500, 'ãƒ•ãƒ¼ãƒ‰_3ã®èª¬æ˜æ–‡ã§ã™', '2022-07-19 04:20:24.017184', '2022-07-19 04:20:24.017184')[0m
  [1m[36mFood Create (0.6ms)[0m  [1m[32mINSERT INTO `foods` (`restaurant_id`, `name`, `price`, `description`, `created_at`, `updated_at`) VALUES (3, 'ãƒ•ãƒ¼ãƒ‰å_4', 500, 'ãƒ•ãƒ¼ãƒ‰_4ã®èª¬æ˜æ–‡ã§ã™', '2022-07-19 04:20:24.020577', '2022-07-19 04:20:24.020577')[0m
  [1m[36mFood Create (0.7ms)[0m  [1m[32mINSERT INTO `foods` (`restaurant_id`, `name`, `price`, `description`, `created_at`, `updated_at`) VALUES (3, 'ãƒ•ãƒ¼ãƒ‰å_5', 500, 'ãƒ•ãƒ¼ãƒ‰_5ã®èª¬æ˜æ–‡ã§ã™', '2022-07-19 04:20:24.022805', '2022-07-19 04:20:24.022805')[0m
  [1m[36mFood Create (0.8ms)[0m  [1m[32mINSERT INTO `foods` (`restaurant_id`, `name`, `price`, `description`, `created_at`, `updated_at`) VALUES (3, 'ãƒ•ãƒ¼ãƒ‰å_6', 500, 'ãƒ•ãƒ¼ãƒ‰_6ã®èª¬æ˜æ–‡ã§ã™', '2022-07-19 04:20:24.025337', '2022-07-19 04:20:24.025337')[0m
  [1m[36mFood Create (0.7ms)[0m  [1m[32mINSERT INTO `foods` (`restaurant_id`, `name`, `price`, `description`, `created_at`, `updated_at`) VALUES (3, 'ãƒ•ãƒ¼ãƒ‰å_7', 500, 'ãƒ•ãƒ¼ãƒ‰_7ã®èª¬æ˜æ–‡ã§ã™', '2022-07-19 04:20:24.028604', '2022-07-19 04:20:24.028604')[0m
  [1m[36mFood Create (0.8ms)[0m  [1m[32mINSERT INTO `foods` (`restaurant_id`, `name`, `price`, `description`, `created_at`, `updated_at`) VALUES (3, 'ãƒ•ãƒ¼ãƒ‰å_8', 500, 'ãƒ•ãƒ¼ãƒ‰_8ã®èª¬æ˜æ–‡ã§ã™', '2022-07-19 04:20:24.030960', '2022-07-19 04:20:24.030960')[0m
  [1m[36mFood Create (0.7ms)[0m  [1m[32mINSERT INTO `foods` (`restaurant_id`, `name`, `price`, `description`, `created_at`, `updated_at`) VALUES (3, 'ãƒ•ãƒ¼ãƒ‰å_9', 500, 'ãƒ•ãƒ¼ãƒ‰_9ã®èª¬æ˜æ–‡ã§ã™', '2022-07-19 04:20:24.034829', '2022-07-19 04:20:24.034829')[0m
  [1m[36mFood Create (0.7ms)[0m  [1m[32mINSERT INTO `foods` (`restaurant_id`, `name`, `price`, `description`, `created_at`, `updated_at`) VALUES (3, 'ãƒ•ãƒ¼ãƒ‰å_10', 500, 'ãƒ•ãƒ¼ãƒ‰_10ã®èª¬æ˜æ–‡ã§ã™', '2022-07-19 04:20:24.037476', '2022-07-19 04:20:24.037476')[0m
  [1m[36mFood Create (0.8ms)[0m  [1m[32mINSERT INTO `foods` (`restaurant_id`, `name`, `price`, `description`, `created_at`, `updated_at`) VALUES (3, 'ãƒ•ãƒ¼ãƒ‰å_11', 500, 'ãƒ•ãƒ¼ãƒ‰_11ã®èª¬æ˜æ–‡ã§ã™', '2022-07-19 04:20:24.040832', '2022-07-19 04:20:24.040832')[0m
  [1m[36mTRANSACTION (2.9ms)[0m  [1m[35mCOMMIT[0m
  [1m[36mRestaurant Load (1.6ms)[0m  [1m[34mSELECT `restaurants`.* FROM `restaurants`[0m
  [1m[36mFood Load (3.6ms)[0m  [1m[34mSELECT `foods`.* FROM `foods`[0m
  [1m[35m (32.7ms)[0m  [1m[34mSELECT COUNT(*) FROM `foods`[0m
Started GET "/api/V1/restaurants" for 172.26.0.1 at 2022-07-19 04:30:45 +0000
  [1m[35m (0.9ms)[0m  [1m[34mSELECT `schema_migrations`.`version` FROM `schema_migrations` ORDER BY `schema_migrations`.`version` ASC[0m
  
ActionController::RoutingError (No route matches [GET] "/api/V1/restaurants"):
  
Started GET "/api/v1/restaurants" for 172.26.0.1 at 2022-07-19 04:30:56 +0000
Processing by Api::V1::RestaurantsController#index as HTML
Completed 500 Internal Server Error in 9ms (ActiveRecord: 0.0ms | Allocations: 4659)


  
NameError (undefined local variable or method `ok' for #<Api::V1::RestaurantsController:0x00000000006450>):
  
app/controllers/api/v1/restaurants_controller.rb:9:in `index'
Started GET "/api/v1/restaurants" for 172.26.0.1 at 2022-07-19 04:31:24 +0000
Processing by Api::V1::RestaurantsController#index as HTML
Completed 500 Internal Server Error in 3ms (ActiveRecord: 0.0ms | Allocations: 1952)


  
NameError (undefined local variable or method `ok' for #<Api::V1::RestaurantsController:0x000000000066a8>):
  
app/controllers/api/v1/restaurants_controller.rb:9:in `index'
Started GET "/api/v1/restaurants" for 172.26.0.1 at 2022-07-19 04:31:45 +0000
Processing by Api::V1::RestaurantsController#index as HTML
Completed 500 Internal Server Error in 3ms (ActiveRecord: 0.0ms | Allocations: 1921)


  
NameError (undefined local variable or method `ok' for #<Api::V1::RestaurantsController:0x00000000006888>):
  
app/controllers/api/v1/restaurants_controller.rb:9:in `index'
Started GET "/api/v1/restaurants" for 172.26.0.1 at 2022-07-19 04:32:47 +0000
Processing by Api::V1::RestaurantsController#index as HTML
Completed 500 Internal Server Error in 3ms (ActiveRecord: 0.0ms | Allocations: 1913)


  
NameError (undefined local variable or method `ok' for #<Api::V1::RestaurantsController:0x00000000006a68>):
  
app/controllers/api/v1/restaurants_controller.rb:9:in `index'
Started GET "/api/v1/restaurants" for 172.26.0.1 at 2022-07-19 04:34:16 +0000
  [1m[35m (0.7ms)[0m  [1m[34mSELECT `schema_migrations`.`version` FROM `schema_migrations` ORDER BY `schema_migrations`.`version` ASC[0m
Processing by Api::V1::RestaurantsController#index as HTML
  [1m[36mRestaurant Load (1.6ms)[0m  [1m[34mSELECT `restaurants`.* FROM `restaurants`[0m
  â†³ app/controllers/api/v1/restaurants_controller.rb:7:in `index'
Completed 200 OK in 36ms (Views: 4.5ms | ActiveRecord: 10.1ms | Allocations: 9341)


Started GET "/api/v1/restaurants" for 172.26.0.1 at 2022-07-19 04:36:06 +0000
Processing by Api::V1::RestaurantsController#index as HTML
  [1m[36mRestaurant Load (2.4ms)[0m  [1m[34mSELECT `restaurants`.* FROM `restaurants`[0m
  â†³ app/controllers/api/v1/restaurants_controller.rb:7:in `index'
Completed 200 OK in 10ms (Views: 6.7ms | ActiveRecord: 2.4ms | Allocations: 982)


Started GET "/api/v1/restaurants/1/foods" for 172.26.0.1 at 2022-07-19 04:40:26 +0000
Processing by Api::V1::FoodsController#index as HTML
  Parameters: {"restaurant_id"=>"1"}
Completed 404 Not Found in 19ms (ActiveRecord: 9.1ms | Allocations: 2462)


  
ActiveRecord::RecordNotFound (Couldn't find Restaurant without an ID):
  
app/controllers/api/v1/foods_controller.rb:5:in `index'
Started GET "/api/v1/restaurants/1/foods" for 172.26.0.1 at 2022-07-19 04:40:36 +0000
Processing by Api::V1::FoodsController#index as HTML
  Parameters: {"restaurant_id"=>"1"}
  [1m[36mRestaurant Load (0.8ms)[0m  [1m[34mSELECT `restaurants`.* FROM `restaurants` WHERE `restaurants`.`id` = 1 LIMIT 1[0m
  â†³ app/controllers/api/v1/foods_controller.rb:5:in `index'
  [1m[36mFood Load (2.8ms)[0m  [1m[34mSELECT `foods`.* FROM `foods` WHERE `foods`.`restaurant_id` = 1[0m
  â†³ app/controllers/api/v1/foods_controller.rb:8:in `index'
Completed 200 OK in 83ms (Views: 20.3ms | ActiveRecord: 24.7ms | Allocations: 15260)


